# JRE version: OpenJDK Runtime Environment (8.0_242-b01) (build 1.8.0_242-release-1644-b01)
# Java VM: OpenJDK 64-Bit Server VM (25.242-b01 mixed mode windows-amd64 compressed oops)
Heap:
 PSYoungGen      total 138240K, used 41224K [0x00000000e0000000, 0x00000000e9000000, 0x0000000100000000)
  eden space 129024K, 24% used [0x00000000e0000000,0x00000000e1f48420,0x00000000e7e00000)
  from space 9216K, 99% used [0x00000000e7e00000,0x00000000e86f9ec8,0x00000000e8700000)
  to   space 8704K, 0% used [0x00000000e8780000,0x00000000e8780000,0x00000000e9000000)
 ParOldGen       total 35328K, used 13196K [0x00000000a0000000, 0x00000000a2280000, 0x00000000e0000000)
  object space 35328K, 37% used [0x00000000a0000000,0x00000000a0ce3128,0x00000000a2280000)
 Metaspace       used 34239K, capacity 35288K, committed 35456K, reserved 1079296K
  class space    used 4691K, capacity 4931K, committed 4992K, reserved 1048576K
GC Heap History (10 events):
Event: 1.770 GC heap before
{Heap before GC invocations=6 (full 0):
 PSYoungGen      total 35328K, used 35328K [0x00000000e0000000, 0x00000000e4c00000, 0x0000000100000000)
  eden space 32768K, 100% used [0x00000000e0000000,0x00000000e2000000,0x00000000e2000000)
  from space 2560K, 100% used [0x00000000e2000000,0x00000000e2280000,0x00000000e2280000)
  to   space 6144K, 0% used [0x00000000e4600000,0x00000000e4600000,0x00000000e4c00000)
 ParOldGen       total 44032K, used 5058K [0x00000000a0000000, 0x00000000a2b00000, 0x00000000e0000000)
  object space 44032K, 11% used [0x00000000a0000000,0x00000000a04f0940,0x00000000a2b00000)
 Metaspace       used 14340K, capacity 14770K, committed 14976K, reserved 1062912K
  class space    used 1968K, capacity 2101K, committed 2176K, reserved 1048576K
Event: 1.777 GC heap after
Heap after GC invocations=6 (full 0):
 PSYoungGen      total 70656K, used 6075K [0x00000000e0000000, 0x00000000e4e00000, 0x0000000100000000)
  eden space 64512K, 0% used [0x00000000e0000000,0x00000000e0000000,0x00000000e3f00000)
  from space 6144K, 98% used [0x00000000e4600000,0x00000000e4beeeb0,0x00000000e4c00000)
  to   space 7168K, 0% used [0x00000000e3f00000,0x00000000e3f00000,0x00000000e4600000)
 ParOldGen       total 44032K, used 5066K [0x00000000a0000000, 0x00000000a2b00000, 0x00000000e0000000)
  object space 44032K, 11% used [0x00000000a0000000,0x00000000a04f2940,0x00000000a2b00000)
 Metaspace       used 14340K, capacity 14770K, committed 14976K, reserved 1062912K
  class space    used 1968K, capacity 2101K, committed 2176K, reserved 1048576K
}
Event: 2.465 GC heap before
{Heap before GC invocations=7 (full 0):
 PSYoungGen      total 70656K, used 70587K [0x00000000e0000000, 0x00000000e4e00000, 0x0000000100000000)
  eden space 64512K, 100% used [0x00000000e0000000,0x00000000e3f00000,0x00000000e3f00000)
  from space 6144K, 98% used [0x00000000e4600000,0x00000000e4beeeb0,0x00000000e4c00000)
  to   space 7168K, 0% used [0x00000000e3f00000,0x00000000e3f00000,0x00000000e4600000)
 ParOldGen       total 44032K, used 5066K [0x00000000a0000000, 0x00000000a2b00000, 0x00000000e0000000)
  object space 44032K, 11% used [0x00000000a0000000,0x00000000a04f2940,0x00000000a2b00000)
 Metaspace       used 19235K, capacity 19824K, committed 20096K, reserved 1067008K
  class space    used 2731K, capacity 2900K, committed 2944K, reserved 1048576K
Event: 2.481 GC heap after
Heap after GC invocations=7 (full 0):
 PSYoungGen      total 71680K, used 7147K [0x00000000e0000000, 0x00000000e9100000, 0x0000000100000000)
  eden space 64512K, 0% used [0x00000000e0000000,0x00000000e0000000,0x00000000e3f00000)
  from space 7168K, 99% used [0x00000000e3f00000,0x00000000e45faf98,0x00000000e4600000)
  to   space 9728K, 0% used [0x00000000e8780000,0x00000000e8780000,0x00000000e9100000)
 ParOldGen       total 44032K, used 7586K [0x00000000a0000000, 0x00000000a2b00000, 0x00000000e0000000)
  object space 44032K, 17% used [0x00000000a0000000,0x00000000a0768880,0x00000000a2b00000)
 Metaspace       used 19235K, capacity 19824K, committed 20096K, reserved 1067008K
  class space    used 2731K, capacity 2900K, committed 2944K, reserved 1048576K
}
Event: 2.756 GC heap before
{Heap before GC invocations=8 (full 0):
 PSYoungGen      total 71680K, used 29924K [0x00000000e0000000, 0x00000000e9100000, 0x0000000100000000)
  eden space 64512K, 35% used [0x00000000e0000000,0x00000000e163e198,0x00000000e3f00000)
  from space 7168K, 99% used [0x00000000e3f00000,0x00000000e45faf98,0x00000000e4600000)
  to   space 9728K, 0% used [0x00000000e8780000,0x00000000e8780000,0x00000000e9100000)
 ParOldGen       total 44032K, used 7586K [0x00000000a0000000, 0x00000000a2b00000, 0x00000000e0000000)
  object space 44032K, 17% used [0x00000000a0000000,0x00000000a0768880,0x00000000a2b00000)
 Metaspace       used 20632K, capacity 21218K, committed 21296K, reserved 1067008K
  class space    used 2961K, capacity 3143K, committed 3200K, reserved 1048576K
Event: 2.761 GC heap after
Heap after GC invocations=8 (full 0):
 PSYoungGen      total 137728K, used 5306K [0x00000000e0000000, 0x00000000e9000000, 0x0000000100000000)
  eden space 129024K, 0% used [0x00000000e0000000,0x00000000e0000000,0x00000000e7e00000)
  from space 8704K, 60% used [0x00000000e8780000,0x00000000e8cae9b8,0x00000000e9000000)
  to   space 9216K, 0% used [0x00000000e7e00000,0x00000000e7e00000,0x00000000e8700000)
 ParOldGen       total 44032K, used 8026K [0x00000000a0000000, 0x00000000a2b00000, 0x00000000e0000000)
  object space 44032K, 18% used [0x00000000a0000000,0x00000000a07d6880,0x00000000a2b00000)
 Metaspace       used 20632K, capacity 21218K, committed 21296K, reserved 1067008K
  class space    used 2961K, capacity 3143K, committed 3200K, reserved 1048576K
}
Event: 2.762 GC heap before
{Heap before GC invocations=9 (full 1):
 PSYoungGen      total 137728K, used 5306K [0x00000000e0000000, 0x00000000e9000000, 0x0000000100000000)
  eden space 129024K, 0% used [0x00000000e0000000,0x00000000e0000000,0x00000000e7e00000)
  from space 8704K, 60% used [0x00000000e8780000,0x00000000e8cae9b8,0x00000000e9000000)
  to   space 9216K, 0% used [0x00000000e7e00000,0x00000000e7e00000,0x00000000e8700000)
 ParOldGen       total 44032K, used 8026K [0x00000000a0000000, 0x00000000a2b00000, 0x00000000e0000000)
  object space 44032K, 18% used [0x00000000a0000000,0x00000000a07d6880,0x00000000a2b00000)
 Metaspace       used 20632K, capacity 21218K, committed 21296K, reserved 1067008K
  class space    used 2961K, capacity 3143K, committed 3200K, reserved 1048576K
Event: 2.798 GC heap after
Heap after GC invocations=9 (full 1):
 PSYoungGen      total 137728K, used 0K [0x00000000e0000000, 0x00000000e9000000, 0x0000000100000000)
  eden space 129024K, 0% used [0x00000000e0000000,0x00000000e0000000,0x00000000e7e00000)
  from space 8704K, 0% used [0x00000000e8780000,0x00000000e8780000,0x00000000e9000000)
  to   space 9216K, 0% used [0x00000000e7e00000,0x00000000e7e00000,0x00000000e8700000)
 ParOldGen       total 35328K, used 8236K [0x00000000a0000000, 0x00000000a2280000, 0x00000000e0000000)
  object space 35328K, 23% used [0x00000000a0000000,0x00000000a080b290,0x00000000a2280000)
 Metaspace       used 20632K, capacity 21218K, committed 21296K, reserved 1067008K
  class space    used 2961K, capacity 3143K, committed 3200K, reserved 1048576K
}
Event: 4.189 GC heap before
{Heap before GC invocations=10 (full 1):
 PSYoungGen      total 137728K, used 129024K [0x00000000e0000000, 0x00000000e9000000, 0x0000000100000000)
  eden space 129024K, 100% used [0x00000000e0000000,0x00000000e7e00000,0x00000000e7e00000)
  from space 8704K, 0% used [0x00000000e8780000,0x00000000e8780000,0x00000000e9000000)
  to   space 9216K, 0% used [0x00000000e7e00000,0x00000000e7e00000,0x00000000e8700000)
 ParOldGen       total 35328K, used 8236K [0x00000000a0000000, 0x00000000a2280000, 0x00000000e0000000)
  object space 35328K, 23% used [0x00000000a0000000,0x00000000a080b290,0x00000000a2280000)
 Metaspace       used 33232K, capacity 34214K, committed 34560K, reserved 1079296K
  class space    used 4521K, capacity 4752K, committed 4864K, reserved 1048576K
Event: 4.220 GC heap after
Heap after GC invocations=10 (full 1):
 PSYoungGen      total 138240K, used 9191K [0x00000000e0000000, 0x00000000e9000000, 0x0000000100000000)
  eden space 129024K, 0% used [0x00000000e0000000,0x00000000e0000000,0x00000000e7e00000)
  from space 9216K, 99% used [0x00000000e7e00000,0x00000000e86f9ec8,0x00000000e8700000)
  to   space 8704K, 0% used [0x00000000e8780000,0x00000000e8780000,0x00000000e9000000)
 ParOldGen       total 35328K, used 13196K [0x00000000a0000000, 0x00000000a2280000, 0x00000000e0000000)
  object space 35328K, 37% used [0x00000000a0000000,0x00000000a0ce3128,0x00000000a2280000)
 Metaspace       used 33232K, capacity 34214K, committed 34560K, reserved 1079296K
  class space    used 4521K, capacity 4752K, committed 4864K, reserved 1048576K
}

