# JRE version: OpenJDK Runtime Environment (8.0_242-b01) (build 1.8.0_242-release-1644-b01)
# Java VM: OpenJDK 64-Bit Server VM (25.242-b01 mixed mode windows-amd64 compressed oops)
Heap:
 PSYoungGen      total 114688K, used 26679K [0x00000000e0000000, 0x00000000e7d80000, 0x0000000100000000)
  eden space 109568K, 19% used [0x00000000e0000000,0x00000000e15126e8,0x00000000e6b00000)
  from space 5120K, 99% used [0x00000000e7880000,0x00000000e7d7b880,0x00000000e7d80000)
  to   space 9216K, 0% used [0x00000000e6b80000,0x00000000e6b80000,0x00000000e7480000)
 ParOldGen       total 55296K, used 29788K [0x00000000a0000000, 0x00000000a3600000, 0x00000000e0000000)
  object space 55296K, 53% used [0x00000000a0000000,0x00000000a1d170a0,0x00000000a3600000)
 Metaspace       used 52479K, capacity 54732K, committed 54912K, reserved 1097728K
  class space    used 7036K, capacity 7518K, committed 7552K, reserved 1048576K
GC Heap History (10 events):
Event: 6.580 GC heap before
{Heap before GC invocations=12 (full 1):
 PSYoungGen      total 89600K, used 47022K [0x00000000e0000000, 0x00000000e6300000, 0x0000000100000000)
  eden space 80896K, 47% used [0x00000000e0000000,0x00000000e256e458,0x00000000e4f00000)
  from space 8704K, 99% used [0x00000000e5880000,0x00000000e60fd750,0x00000000e6100000)
  to   space 9728K, 0% used [0x00000000e4f00000,0x00000000e4f00000,0x00000000e5880000)
 ParOldGen       total 35840K, used 9300K [0x00000000a0000000, 0x00000000a2300000, 0x00000000e0000000)
  object space 35840K, 25% used [0x00000000a0000000,0x00000000a0915218,0x00000000a2300000)
 Metaspace       used 34299K, capacity 35354K, committed 35456K, reserved 1079296K
  class space    used 4699K, capacity 4932K, committed 4992K, reserved 1048576K
Event: 6.591 GC heap after
Heap after GC invocations=12 (full 1):
 PSYoungGen      total 90624K, used 3002K [0x00000000e0000000, 0x00000000e8200000, 0x0000000100000000)
  eden space 80896K, 0% used [0x00000000e0000000,0x00000000e0000000,0x00000000e4f00000)
  from space 9728K, 30% used [0x00000000e4f00000,0x00000000e51eebe8,0x00000000e5880000)
  to   space 9728K, 0% used [0x00000000e7880000,0x00000000e7880000,0x00000000e8200000)
 ParOldGen       total 35840K, used 15314K [0x00000000a0000000, 0x00000000a2300000, 0x00000000e0000000)
  object space 35840K, 42% used [0x00000000a0000000,0x00000000a0ef4920,0x00000000a2300000)
 Metaspace       used 34299K, capacity 35354K, committed 35456K, reserved 1079296K
  class space    used 4699K, capacity 4932K, committed 4992K, reserved 1048576K
}
Event: 6.591 GC heap before
{Heap before GC invocations=13 (full 2):
 PSYoungGen      total 90624K, used 3002K [0x00000000e0000000, 0x00000000e8200000, 0x0000000100000000)
  eden space 80896K, 0% used [0x00000000e0000000,0x00000000e0000000,0x00000000e4f00000)
  from space 9728K, 30% used [0x00000000e4f00000,0x00000000e51eebe8,0x00000000e5880000)
  to   space 9728K, 0% used [0x00000000e7880000,0x00000000e7880000,0x00000000e8200000)
 ParOldGen       total 35840K, used 15314K [0x00000000a0000000, 0x00000000a2300000, 0x00000000e0000000)
  object space 35840K, 42% used [0x00000000a0000000,0x00000000a0ef4920,0x00000000a2300000)
 Metaspace       used 34299K, capacity 35354K, committed 35456K, reserved 1079296K
  class space    used 4699K, capacity 4932K, committed 4992K, reserved 1048576K
Event: 6.633 GC heap after
Heap after GC invocations=13 (full 2):
 PSYoungGen      total 90624K, used 0K [0x00000000e0000000, 0x00000000e8200000, 0x0000000100000000)
  eden space 80896K, 0% used [0x00000000e0000000,0x00000000e0000000,0x00000000e4f00000)
  from space 9728K, 0% used [0x00000000e4f00000,0x00000000e4f00000,0x00000000e5880000)
  to   space 9728K, 0% used [0x00000000e7880000,0x00000000e7880000,0x00000000e8200000)
 ParOldGen       total 55296K, used 15747K [0x00000000a0000000, 0x00000000a3600000, 0x00000000e0000000)
  object space 55296K, 28% used [0x00000000a0000000,0x00000000a0f60c80,0x00000000a3600000)
 Metaspace       used 34299K, capacity 35354K, committed 35456K, reserved 1079296K
  class space    used 4699K, capacity 4932K, committed 4992K, reserved 1048576K
}
Event: 7.863 GC heap before
{Heap before GC invocations=14 (full 2):
 PSYoungGen      total 90624K, used 80896K [0x00000000e0000000, 0x00000000e8200000, 0x0000000100000000)
  eden space 80896K, 100% used [0x00000000e0000000,0x00000000e4f00000,0x00000000e4f00000)
  from space 9728K, 0% used [0x00000000e4f00000,0x00000000e4f00000,0x00000000e5880000)
  to   space 9728K, 0% used [0x00000000e7880000,0x00000000e7880000,0x00000000e8200000)
 ParOldGen       total 55296K, used 15747K [0x00000000a0000000, 0x00000000a3600000, 0x00000000e0000000)
  object space 55296K, 28% used [0x00000000a0000000,0x00000000a0f60c80,0x00000000a3600000)
 Metaspace       used 37288K, capacity 38834K, committed 39040K, reserved 1083392K
  class space    used 5117K, capacity 5442K, committed 5504K, reserved 1048576K
Event: 7.894 GC heap after
Heap after GC invocations=14 (full 2):
 PSYoungGen      total 114688K, used 5071K [0x00000000e0000000, 0x00000000e7d80000, 0x0000000100000000)
  eden space 109568K, 0% used [0x00000000e0000000,0x00000000e0000000,0x00000000e6b00000)
  from space 5120K, 99% used [0x00000000e7880000,0x00000000e7d73de8,0x00000000e7d80000)
  to   space 9216K, 0% used [0x00000000e6b80000,0x00000000e6b80000,0x00000000e7480000)
 ParOldGen       total 55296K, used 15755K [0x00000000a0000000, 0x00000000a3600000, 0x00000000e0000000)
  object space 55296K, 28% used [0x00000000a0000000,0x00000000a0f62c80,0x00000000a3600000)
 Metaspace       used 37288K, capacity 38834K, committed 39040K, reserved 1083392K
  class space    used 5117K, capacity 5442K, committed 5504K, reserved 1048576K
}
Event: 10.014 GC heap before
{Heap before GC invocations=15 (full 2):
 PSYoungGen      total 114688K, used 114639K [0x00000000e0000000, 0x00000000e7d80000, 0x0000000100000000)
  eden space 109568K, 100% used [0x00000000e0000000,0x00000000e6b00000,0x00000000e6b00000)
  from space 5120K, 99% used [0x00000000e7880000,0x00000000e7d73de8,0x00000000e7d80000)
  to   space 9216K, 0% used [0x00000000e6b80000,0x00000000e6b80000,0x00000000e7480000)
 ParOldGen       total 55296K, used 15755K [0x00000000a0000000, 0x00000000a3600000, 0x00000000e0000000)
  object space 55296K, 28% used [0x00000000a0000000,0x00000000a0f62c80,0x00000000a3600000)
 Metaspace       used 45643K, capacity 47604K, committed 47872K, reserved 1091584K
  class space    used 6186K, capacity 6604K, committed 6656K, reserved 1048576K
Event: 10.041 GC heap after
Heap after GC invocations=15 (full 2):
 PSYoungGen      total 118784K, used 9209K [0x00000000e0000000, 0x00000000e7d80000, 0x0000000100000000)
  eden space 109568K, 0% used [0x00000000e0000000,0x00000000e0000000,0x00000000e6b00000)
  from space 9216K, 99% used [0x00000000e6b80000,0x00000000e747e538,0x00000000e7480000)
  to   space 5120K, 0% used [0x00000000e7880000,0x00000000e7880000,0x00000000e7d80000)
 ParOldGen       total 55296K, used 19605K [0x00000000a0000000, 0x00000000a3600000, 0x00000000e0000000)
  object space 55296K, 35% used [0x00000000a0000000,0x00000000a13257e8,0x00000000a3600000)
 Metaspace       used 45643K, capacity 47604K, committed 47872K, reserved 1091584K
  class space    used 6186K, capacity 6604K, committed 6656K, reserved 1048576K
}
Event: 11.516 GC heap before
{Heap before GC invocations=16 (full 2):
 PSYoungGen      total 118784K, used 118777K [0x00000000e0000000, 0x00000000e7d80000, 0x0000000100000000)
  eden space 109568K, 100% used [0x00000000e0000000,0x00000000e6b00000,0x00000000e6b00000)
  from space 9216K, 99% used [0x00000000e6b80000,0x00000000e747e538,0x00000000e7480000)
  to   space 5120K, 0% used [0x00000000e7880000,0x00000000e7880000,0x00000000e7d80000)
 ParOldGen       total 55296K, used 19605K [0x00000000a0000000, 0x00000000a3600000, 0x00000000e0000000)
  object space 55296K, 35% used [0x00000000a0000000,0x00000000a13257e8,0x00000000a3600000)
 Metaspace       used 52277K, capacity 54582K, committed 54912K, reserved 1097728K
  class space    used 7005K, capacity 7469K, committed 7552K, reserved 1048576K
Event: 11.597 GC heap after
Heap after GC invocations=16 (full 2):
 PSYoungGen      total 114688K, used 5102K [0x00000000e0000000, 0x00000000e7d80000, 0x0000000100000000)
  eden space 109568K, 0% used [0x00000000e0000000,0x00000000e0000000,0x00000000e6b00000)
  from space 5120K, 99% used [0x00000000e7880000,0x00000000e7d7b880,0x00000000e7d80000)
  to   space 9216K, 0% used [0x00000000e6b80000,0x00000000e6b80000,0x00000000e7480000)
 ParOldGen       total 55296K, used 29788K [0x00000000a0000000, 0x00000000a3600000, 0x00000000e0000000)
  object space 55296K, 53% used [0x00000000a0000000,0x00000000a1d170a0,0x00000000a3600000)
 Metaspace       used 52277K, capacity 54582K, committed 54912K, reserved 1097728K
  class space    used 7005K, capacity 7469K, committed 7552K, reserved 1048576K
}

