# JRE version: OpenJDK Runtime Environment (8.0_242-b01) (build 1.8.0_242-release-1644-b01)
# Java VM: OpenJDK 64-Bit Server VM (25.242-b01 mixed mode windows-amd64 compressed oops)
Heap:
 PSYoungGen      total 161280K, used 157604K [0x00000000e0000000, 0x00000000ead80000, 0x0000000100000000)
  eden space 152064K, 97% used [0x00000000e0000000,0x00000000e90ecca0,0x00000000e9480000)
  from space 9216K, 99% used [0x00000000ea000000,0x00000000ea8fc368,0x00000000ea900000)
  to   space 11776K, 0% used [0x00000000e9480000,0x00000000e9480000,0x00000000ea000000)
 ParOldGen       total 54784K, used 19009K [0x00000000a0000000, 0x00000000a3580000, 0x00000000e0000000)
  object space 54784K, 34% used [0x00000000a0000000,0x00000000a1290770,0x00000000a3580000)
 Metaspace       used 52431K, capacity 54778K, committed 54912K, reserved 1097728K
  class space    used 7026K, capacity 7517K, committed 7552K, reserved 1048576K
GC Heap History (10 events):
Event: 4.545 GC heap before
{Heap before GC invocations=12 (full 1):
 PSYoungGen      total 91136K, used 91104K [0x00000000e0000000, 0x00000000e6e00000, 0x0000000100000000)
  eden space 83968K, 100% used [0x00000000e0000000,0x00000000e5200000,0x00000000e5200000)
  from space 7168K, 99% used [0x00000000e6700000,0x00000000e6df8270,0x00000000e6e00000)
  to   space 8192K, 0% used [0x00000000e5e00000,0x00000000e5e00000,0x00000000e6600000)
 ParOldGen       total 34816K, used 9443K [0x00000000a0000000, 0x00000000a2200000, 0x00000000e0000000)
  object space 34816K, 27% used [0x00000000a0000000,0x00000000a0938e80,0x00000000a2200000)
 Metaspace       used 33492K, capacity 34540K, committed 34816K, reserved 1079296K
  class space    used 4575K, capacity 4818K, committed 4864K, reserved 1048576K
Event: 4.589 GC heap after
Heap after GC invocations=12 (full 1):
 PSYoungGen      total 104448K, used 7870K [0x00000000e0000000, 0x00000000e8800000, 0x0000000100000000)
  eden space 96256K, 0% used [0x00000000e0000000,0x00000000e0000000,0x00000000e5e00000)
  from space 8192K, 96% used [0x00000000e5e00000,0x00000000e65afa08,0x00000000e6600000)
  to   space 9216K, 0% used [0x00000000e7f00000,0x00000000e7f00000,0x00000000e8800000)
 ParOldGen       total 34816K, used 12655K [0x00000000a0000000, 0x00000000a2200000, 0x00000000e0000000)
  object space 34816K, 36% used [0x00000000a0000000,0x00000000a0c5bec0,0x00000000a2200000)
 Metaspace       used 33492K, capacity 34540K, committed 34816K, reserved 1079296K
  class space    used 4575K, capacity 4818K, committed 4864K, reserved 1048576K
}
Event: 4.843 GC heap before
{Heap before GC invocations=13 (full 1):
 PSYoungGen      total 104448K, used 23890K [0x00000000e0000000, 0x00000000e8800000, 0x0000000100000000)
  eden space 96256K, 16% used [0x00000000e0000000,0x00000000e0fa4f58,0x00000000e5e00000)
  from space 8192K, 96% used [0x00000000e5e00000,0x00000000e65afa08,0x00000000e6600000)
  to   space 9216K, 0% used [0x00000000e7f00000,0x00000000e7f00000,0x00000000e8800000)
 ParOldGen       total 34816K, used 12655K [0x00000000a0000000, 0x00000000a2200000, 0x00000000e0000000)
  object space 34816K, 36% used [0x00000000a0000000,0x00000000a0c5bec0,0x00000000a2200000)
 Metaspace       used 34289K, capacity 35354K, committed 35456K, reserved 1079296K
  class space    used 4697K, capacity 4932K, committed 4992K, reserved 1048576K
Event: 4.849 GC heap after
Heap after GC invocations=13 (full 1):
 PSYoungGen      total 130048K, used 1138K [0x00000000e0000000, 0x00000000e9880000, 0x0000000100000000)
  eden space 120832K, 0% used [0x00000000e0000000,0x00000000e0000000,0x00000000e7600000)
  from space 9216K, 12% used [0x00000000e7f00000,0x00000000e801c9f8,0x00000000e8800000)
  to   space 9216K, 0% used [0x00000000e7600000,0x00000000e7600000,0x00000000e7f00000)
 ParOldGen       total 34816K, used 16939K [0x00000000a0000000, 0x00000000a2200000, 0x00000000e0000000)
  object space 34816K, 48% used [0x00000000a0000000,0x00000000a108adb0,0x00000000a2200000)
 Metaspace       used 34289K, capacity 35354K, committed 35456K, reserved 1079296K
  class space    used 4697K, capacity 4932K, committed 4992K, reserved 1048576K
}
Event: 4.850 GC heap before
{Heap before GC invocations=14 (full 2):
 PSYoungGen      total 130048K, used 1138K [0x00000000e0000000, 0x00000000e9880000, 0x0000000100000000)
  eden space 120832K, 0% used [0x00000000e0000000,0x00000000e0000000,0x00000000e7600000)
  from space 9216K, 12% used [0x00000000e7f00000,0x00000000e801c9f8,0x00000000e8800000)
  to   space 9216K, 0% used [0x00000000e7600000,0x00000000e7600000,0x00000000e7f00000)
 ParOldGen       total 34816K, used 16939K [0x00000000a0000000, 0x00000000a2200000, 0x00000000e0000000)
  object space 34816K, 48% used [0x00000000a0000000,0x00000000a108adb0,0x00000000a2200000)
 Metaspace       used 34289K, capacity 35354K, committed 35456K, reserved 1079296K
  class space    used 4697K, capacity 4932K, committed 4992K, reserved 1048576K
Event: 4.918 GC heap after
Heap after GC invocations=14 (full 2):
 PSYoungGen      total 130048K, used 0K [0x00000000e0000000, 0x00000000e9880000, 0x0000000100000000)
  eden space 120832K, 0% used [0x00000000e0000000,0x00000000e0000000,0x00000000e7600000)
  from space 9216K, 0% used [0x00000000e7f00000,0x00000000e7f00000,0x00000000e8800000)
  to   space 9216K, 0% used [0x00000000e7600000,0x00000000e7600000,0x00000000e7f00000)
 ParOldGen       total 54784K, used 15332K [0x00000000a0000000, 0x00000000a3580000, 0x00000000e0000000)
  object space 54784K, 27% used [0x00000000a0000000,0x00000000a0ef9108,0x00000000a3580000)
 Metaspace       used 34289K, capacity 35354K, committed 35456K, reserved 1079296K
  class space    used 4697K, capacity 4932K, committed 4992K, reserved 1048576K
}
Event: 5.982 GC heap before
{Heap before GC invocations=15 (full 2):
 PSYoungGen      total 130048K, used 120832K [0x00000000e0000000, 0x00000000e9880000, 0x0000000100000000)
  eden space 120832K, 100% used [0x00000000e0000000,0x00000000e7600000,0x00000000e7600000)
  from space 9216K, 0% used [0x00000000e7f00000,0x00000000e7f00000,0x00000000e8800000)
  to   space 9216K, 0% used [0x00000000e7600000,0x00000000e7600000,0x00000000e7f00000)
 ParOldGen       total 54784K, used 15332K [0x00000000a0000000, 0x00000000a3580000, 0x00000000e0000000)
  object space 54784K, 27% used [0x00000000a0000000,0x00000000a0ef9108,0x00000000a3580000)
 Metaspace       used 37290K, capacity 38822K, committed 39040K, reserved 1083392K
  class space    used 5112K, capacity 5440K, committed 5504K, reserved 1048576K
Event: 5.992 GC heap after
Heap after GC invocations=15 (full 2):
 PSYoungGen      total 130048K, used 5112K [0x00000000e0000000, 0x00000000ea900000, 0x0000000100000000)
  eden space 120832K, 0% used [0x00000000e0000000,0x00000000e0000000,0x00000000e7600000)
  from space 9216K, 55% used [0x00000000e7600000,0x00000000e7afe158,0x00000000e7f00000)
  to   space 9216K, 0% used [0x00000000ea000000,0x00000000ea000000,0x00000000ea900000)
 ParOldGen       total 54784K, used 15340K [0x00000000a0000000, 0x00000000a3580000, 0x00000000e0000000)
  object space 54784K, 28% used [0x00000000a0000000,0x00000000a0efb108,0x00000000a3580000)
 Metaspace       used 37290K, capacity 38822K, committed 39040K, reserved 1083392K
  class space    used 5112K, capacity 5440K, committed 5504K, reserved 1048576K
}
Event: 7.326 GC heap before
{Heap before GC invocations=16 (full 2):
 PSYoungGen      total 130048K, used 125944K [0x00000000e0000000, 0x00000000ea900000, 0x0000000100000000)
  eden space 120832K, 100% used [0x00000000e0000000,0x00000000e7600000,0x00000000e7600000)
  from space 9216K, 55% used [0x00000000e7600000,0x00000000e7afe158,0x00000000e7f00000)
  to   space 9216K, 0% used [0x00000000ea000000,0x00000000ea000000,0x00000000ea900000)
 ParOldGen       total 54784K, used 15340K [0x00000000a0000000, 0x00000000a3580000, 0x00000000e0000000)
  object space 54784K, 28% used [0x00000000a0000000,0x00000000a0efb108,0x00000000a3580000)
 Metaspace       used 45579K, capacity 47464K, committed 47616K, reserved 1089536K
  class space    used 6177K, capacity 6602K, committed 6656K, reserved 1048576K
Event: 7.351 GC heap after
Heap after GC invocations=16 (full 2):
 PSYoungGen      total 161280K, used 9200K [0x00000000e0000000, 0x00000000ead80000, 0x0000000100000000)
  eden space 152064K, 0% used [0x00000000e0000000,0x00000000e0000000,0x00000000e9480000)
  from space 9216K, 99% used [0x00000000ea000000,0x00000000ea8fc368,0x00000000ea900000)
  to   space 11776K, 0% used [0x00000000e9480000,0x00000000e9480000,0x00000000ea000000)
 ParOldGen       total 54784K, used 19009K [0x00000000a0000000, 0x00000000a3580000, 0x00000000e0000000)
  object space 54784K, 34% used [0x00000000a0000000,0x00000000a1290770,0x00000000a3580000)
 Metaspace       used 45579K, capacity 47464K, committed 47616K, reserved 1089536K
  class space    used 6177K, capacity 6602K, committed 6656K, reserved 1048576K
}

