# JRE version: OpenJDK Runtime Environment (8.0_242-b01) (build 1.8.0_242-release-1644-b01)
# Java VM: OpenJDK 64-Bit Server VM (25.242-b01 mixed mode windows-amd64 compressed oops)
Heap:
 PSYoungGen      total 138240K, used 97216K [0x00000000e0000000, 0x00000000e9000000, 0x0000000100000000)
  eden space 129024K, 70% used [0x00000000e0000000,0x00000000e58d1120,0x00000000e7e00000)
  from space 9216K, 68% used [0x00000000e7e00000,0x00000000e841eff0,0x00000000e8700000)
  to   space 8704K, 0% used [0x00000000e8780000,0x00000000e8780000,0x00000000e9000000)
 ParOldGen       total 55808K, used 15636K [0x00000000a0000000, 0x00000000a3680000, 0x00000000e0000000)
  object space 55808K, 28% used [0x00000000a0000000,0x00000000a0f45328,0x00000000a3680000)
 Metaspace       used 46189K, capacity 48120K, committed 48512K, reserved 1091584K
  class space    used 6258K, capacity 6670K, committed 6784K, reserved 1048576K
GC Heap History (10 events):
Event: 2.444 GC heap before
{Heap before GC invocations=9 (full 1):
 PSYoungGen      total 137728K, used 5293K [0x00000000e0000000, 0x00000000e9000000, 0x0000000100000000)
  eden space 129024K, 0% used [0x00000000e0000000,0x00000000e0000000,0x00000000e7e00000)
  from space 8704K, 60% used [0x00000000e8780000,0x00000000e8cab4f0,0x00000000e9000000)
  to   space 9216K, 0% used [0x00000000e7e00000,0x00000000e7e00000,0x00000000e8700000)
 ParOldGen       total 44032K, used 8288K [0x00000000a0000000, 0x00000000a2b00000, 0x00000000e0000000)
  object space 44032K, 18% used [0x00000000a0000000,0x00000000a0818050,0x00000000a2b00000)
 Metaspace       used 20611K, capacity 21212K, committed 21296K, reserved 1067008K
  class space    used 2954K, capacity 3142K, committed 3200K, reserved 1048576K
Event: 2.478 GC heap after
Heap after GC invocations=9 (full 1):
 PSYoungGen      total 137728K, used 0K [0x00000000e0000000, 0x00000000e9000000, 0x0000000100000000)
  eden space 129024K, 0% used [0x00000000e0000000,0x00000000e0000000,0x00000000e7e00000)
  from space 8704K, 0% used [0x00000000e8780000,0x00000000e8780000,0x00000000e9000000)
  to   space 9216K, 0% used [0x00000000e7e00000,0x00000000e7e00000,0x00000000e8700000)
 ParOldGen       total 34816K, used 8204K [0x00000000a0000000, 0x00000000a2200000, 0x00000000e0000000)
  object space 34816K, 23% used [0x00000000a0000000,0x00000000a08033d0,0x00000000a2200000)
 Metaspace       used 20611K, capacity 21212K, committed 21296K, reserved 1067008K
  class space    used 2954K, capacity 3142K, committed 3200K, reserved 1048576K
}
Event: 3.929 GC heap before
{Heap before GC invocations=10 (full 1):
 PSYoungGen      total 137728K, used 129024K [0x00000000e0000000, 0x00000000e9000000, 0x0000000100000000)
  eden space 129024K, 100% used [0x00000000e0000000,0x00000000e7e00000,0x00000000e7e00000)
  from space 8704K, 0% used [0x00000000e8780000,0x00000000e8780000,0x00000000e9000000)
  to   space 9216K, 0% used [0x00000000e7e00000,0x00000000e7e00000,0x00000000e8700000)
 ParOldGen       total 34816K, used 8204K [0x00000000a0000000, 0x00000000a2200000, 0x00000000e0000000)
  object space 34816K, 23% used [0x00000000a0000000,0x00000000a08033d0,0x00000000a2200000)
 Metaspace       used 33221K, capacity 34128K, committed 34304K, reserved 1079296K
  class space    used 4520K, capacity 4747K, committed 4864K, reserved 1048576K
Event: 3.941 GC heap after
Heap after GC invocations=10 (full 1):
 PSYoungGen      total 138240K, used 9187K [0x00000000e0000000, 0x00000000e9000000, 0x0000000100000000)
  eden space 129024K, 0% used [0x00000000e0000000,0x00000000e0000000,0x00000000e7e00000)
  from space 9216K, 99% used [0x00000000e7e00000,0x00000000e86f8c48,0x00000000e8700000)
  to   space 8704K, 0% used [0x00000000e8780000,0x00000000e8780000,0x00000000e9000000)
 ParOldGen       total 34816K, used 13216K [0x00000000a0000000, 0x00000000a2200000, 0x00000000e0000000)
  object space 34816K, 37% used [0x00000000a0000000,0x00000000a0ce80d8,0x00000000a2200000)
 Metaspace       used 33221K, capacity 34128K, committed 34304K, reserved 1079296K
  class space    used 4520K, capacity 4747K, committed 4864K, reserved 1048576K
}
Event: 4.166 GC heap before
{Heap before GC invocations=11 (full 1):
 PSYoungGen      total 138240K, used 43652K [0x00000000e0000000, 0x00000000e9000000, 0x0000000100000000)
  eden space 129024K, 26% used [0x00000000e0000000,0x00000000e21a83b8,0x00000000e7e00000)
  from space 9216K, 99% used [0x00000000e7e00000,0x00000000e86f8c48,0x00000000e8700000)
  to   space 8704K, 0% used [0x00000000e8780000,0x00000000e8780000,0x00000000e9000000)
 ParOldGen       total 34816K, used 13216K [0x00000000a0000000, 0x00000000a2200000, 0x00000000e0000000)
  object space 34816K, 37% used [0x00000000a0000000,0x00000000a0ce80d8,0x00000000a2200000)
 Metaspace       used 34308K, capacity 35354K, committed 35456K, reserved 1079296K
  class space    used 4697K, capacity 4932K, committed 4992K, reserved 1048576K
Event: 4.176 GC heap after
Heap after GC invocations=11 (full 1):
 PSYoungGen      total 137728K, used 8686K [0x00000000e0000000, 0x00000000e9000000, 0x0000000100000000)
  eden space 129024K, 0% used [0x00000000e0000000,0x00000000e0000000,0x00000000e7e00000)
  from space 8704K, 99% used [0x00000000e8780000,0x00000000e8ffb9e8,0x00000000e9000000)
  to   space 9216K, 0% used [0x00000000e7e00000,0x00000000e7e00000,0x00000000e8700000)
 ParOldGen       total 34816K, used 13358K [0x00000000a0000000, 0x00000000a2200000, 0x00000000e0000000)
  object space 34816K, 38% used [0x00000000a0000000,0x00000000a0d0b968,0x00000000a2200000)
 Metaspace       used 34308K, capacity 35354K, committed 35456K, reserved 1079296K
  class space    used 4697K, capacity 4932K, committed 4992K, reserved 1048576K
}
Event: 4.176 GC heap before
{Heap before GC invocations=12 (full 2):
 PSYoungGen      total 137728K, used 8686K [0x00000000e0000000, 0x00000000e9000000, 0x0000000100000000)
  eden space 129024K, 0% used [0x00000000e0000000,0x00000000e0000000,0x00000000e7e00000)
  from space 8704K, 99% used [0x00000000e8780000,0x00000000e8ffb9e8,0x00000000e9000000)
  to   space 9216K, 0% used [0x00000000e7e00000,0x00000000e7e00000,0x00000000e8700000)
 ParOldGen       total 34816K, used 13358K [0x00000000a0000000, 0x00000000a2200000, 0x00000000e0000000)
  object space 34816K, 38% used [0x00000000a0000000,0x00000000a0d0b968,0x00000000a2200000)
 Metaspace       used 34308K, capacity 35354K, committed 35456K, reserved 1079296K
  class space    used 4697K, capacity 4932K, committed 4992K, reserved 1048576K
Event: 4.243 GC heap after
Heap after GC invocations=12 (full 2):
 PSYoungGen      total 137728K, used 0K [0x00000000e0000000, 0x00000000e9000000, 0x0000000100000000)
  eden space 129024K, 0% used [0x00000000e0000000,0x00000000e0000000,0x00000000e7e00000)
  from space 8704K, 0% used [0x00000000e8780000,0x00000000e8780000,0x00000000e9000000)
  to   space 9216K, 0% used [0x00000000e7e00000,0x00000000e7e00000,0x00000000e8700000)
 ParOldGen       total 55808K, used 15628K [0x00000000a0000000, 0x00000000a3680000, 0x00000000e0000000)
  object space 55808K, 28% used [0x00000000a0000000,0x00000000a0f43328,0x00000000a3680000)
 Metaspace       used 34308K, capacity 35354K, committed 35456K, reserved 1079296K
  class space    used 4697K, capacity 4932K, committed 4992K, reserved 1048576K
}
Event: 5.833 GC heap before
{Heap before GC invocations=13 (full 2):
 PSYoungGen      total 137728K, used 129024K [0x00000000e0000000, 0x00000000e9000000, 0x0000000100000000)
  eden space 129024K, 100% used [0x00000000e0000000,0x00000000e7e00000,0x00000000e7e00000)
  from space 8704K, 0% used [0x00000000e8780000,0x00000000e8780000,0x00000000e9000000)
  to   space 9216K, 0% used [0x00000000e7e00000,0x00000000e7e00000,0x00000000e8700000)
 ParOldGen       total 55808K, used 15628K [0x00000000a0000000, 0x00000000a3680000, 0x00000000e0000000)
  object space 55808K, 28% used [0x00000000a0000000,0x00000000a0f43328,0x00000000a3680000)
 Metaspace       used 37571K, capacity 39302K, committed 39424K, reserved 1083392K
  class space    used 5149K, capacity 5529K, committed 5632K, reserved 1048576K
Event: 5.837 GC heap after
Heap after GC invocations=13 (full 2):
 PSYoungGen      total 138240K, used 6267K [0x00000000e0000000, 0x00000000e9000000, 0x0000000100000000)
  eden space 129024K, 0% used [0x00000000e0000000,0x00000000e0000000,0x00000000e7e00000)
  from space 9216K, 68% used [0x00000000e7e00000,0x00000000e841eff0,0x00000000e8700000)
  to   space 8704K, 0% used [0x00000000e8780000,0x00000000e8780000,0x00000000e9000000)
 ParOldGen       total 55808K, used 15636K [0x00000000a0000000, 0x00000000a3680000, 0x00000000e0000000)
  object space 55808K, 28% used [0x00000000a0000000,0x00000000a0f45328,0x00000000a3680000)
 Metaspace       used 37571K, capacity 39302K, committed 39424K, reserved 1083392K
  class space    used 5149K, capacity 5529K, committed 5632K, reserved 1048576K
}

