# JRE version: OpenJDK Runtime Environment (8.0_242-b01) (build 1.8.0_242-release-1644-b01)
# Java VM: OpenJDK 64-Bit Server VM (25.242-b01 mixed mode windows-amd64 compressed oops)
Heap:
 PSYoungGen      total 138240K, used 23240K [0x00000000e0000000, 0x00000000eb700000, 0x0000000100000000)
  eden space 129024K, 13% used [0x00000000e0000000,0x00000000e1099e90,0x00000000e7e00000)
  from space 9216K, 67% used [0x00000000e7e00000,0x00000000e8418230,0x00000000e8700000)
  to   space 12288K, 0% used [0x00000000eab00000,0x00000000eab00000,0x00000000eb700000)
 ParOldGen       total 53760K, used 15637K [0x00000000a0000000, 0x00000000a3480000, 0x00000000e0000000)
  object space 53760K, 29% used [0x00000000a0000000,0x00000000a0f45580,0x00000000a3480000)
 Metaspace       used 39082K, capacity 40876K, committed 41088K, reserved 1085440K
  class space    used 5353K, capacity 5733K, committed 5760K, reserved 1048576K
GC Heap History (10 events):
Event: 2.938 GC heap before
{Heap before GC invocations=9 (full 1):
 PSYoungGen      total 138240K, used 5325K [0x00000000e0000000, 0x00000000e9000000, 0x0000000100000000)
  eden space 129024K, 0% used [0x00000000e0000000,0x00000000e0000000,0x00000000e7e00000)
  from space 9216K, 57% used [0x00000000e8700000,0x00000000e8c334f0,0x00000000e9000000)
  to   space 9216K, 0% used [0x00000000e7e00000,0x00000000e7e00000,0x00000000e8700000)
 ParOldGen       total 44032K, used 8090K [0x00000000a0000000, 0x00000000a2b00000, 0x00000000e0000000)
  object space 44032K, 18% used [0x00000000a0000000,0x00000000a07e6b30,0x00000000a2b00000)
 Metaspace       used 20614K, capacity 21212K, committed 21296K, reserved 1067008K
  class space    used 2957K, capacity 3142K, committed 3200K, reserved 1048576K
Event: 2.963 GC heap after
Heap after GC invocations=9 (full 1):
 PSYoungGen      total 138240K, used 0K [0x00000000e0000000, 0x00000000e9000000, 0x0000000100000000)
  eden space 129024K, 0% used [0x00000000e0000000,0x00000000e0000000,0x00000000e7e00000)
  from space 9216K, 0% used [0x00000000e8700000,0x00000000e8700000,0x00000000e9000000)
  to   space 9216K, 0% used [0x00000000e7e00000,0x00000000e7e00000,0x00000000e8700000)
 ParOldGen       total 33792K, used 8204K [0x00000000a0000000, 0x00000000a2100000, 0x00000000e0000000)
  object space 33792K, 24% used [0x00000000a0000000,0x00000000a0803268,0x00000000a2100000)
 Metaspace       used 20614K, capacity 21212K, committed 21296K, reserved 1067008K
  class space    used 2957K, capacity 3142K, committed 3200K, reserved 1048576K
}
Event: 4.322 GC heap before
{Heap before GC invocations=10 (full 1):
 PSYoungGen      total 138240K, used 129024K [0x00000000e0000000, 0x00000000e9000000, 0x0000000100000000)
  eden space 129024K, 100% used [0x00000000e0000000,0x00000000e7e00000,0x00000000e7e00000)
  from space 9216K, 0% used [0x00000000e8700000,0x00000000e8700000,0x00000000e9000000)
  to   space 9216K, 0% used [0x00000000e7e00000,0x00000000e7e00000,0x00000000e8700000)
 ParOldGen       total 33792K, used 8204K [0x00000000a0000000, 0x00000000a2100000, 0x00000000e0000000)
  object space 33792K, 24% used [0x00000000a0000000,0x00000000a0803268,0x00000000a2100000)
 Metaspace       used 33229K, capacity 34184K, committed 34560K, reserved 1079296K
  class space    used 4521K, capacity 4747K, committed 4864K, reserved 1048576K
Event: 4.356 GC heap after
Heap after GC invocations=10 (full 1):
 PSYoungGen      total 138240K, used 9213K [0x00000000e0000000, 0x00000000e9000000, 0x0000000100000000)
  eden space 129024K, 0% used [0x00000000e0000000,0x00000000e0000000,0x00000000e7e00000)
  from space 9216K, 99% used [0x00000000e7e00000,0x00000000e86ff520,0x00000000e8700000)
  to   space 9216K, 0% used [0x00000000e8700000,0x00000000e8700000,0x00000000e9000000)
 ParOldGen       total 33792K, used 13239K [0x00000000a0000000, 0x00000000a2100000, 0x00000000e0000000)
  object space 33792K, 39% used [0x00000000a0000000,0x00000000a0cedc28,0x00000000a2100000)
 Metaspace       used 33229K, capacity 34184K, committed 34560K, reserved 1079296K
  class space    used 4521K, capacity 4747K, committed 4864K, reserved 1048576K
}
Event: 4.707 GC heap before
{Heap before GC invocations=11 (full 1):
 PSYoungGen      total 138240K, used 43666K [0x00000000e0000000, 0x00000000e9000000, 0x0000000100000000)
  eden space 129024K, 26% used [0x00000000e0000000,0x00000000e21a54e0,0x00000000e7e00000)
  from space 9216K, 99% used [0x00000000e7e00000,0x00000000e86ff520,0x00000000e8700000)
  to   space 9216K, 0% used [0x00000000e8700000,0x00000000e8700000,0x00000000e9000000)
 ParOldGen       total 33792K, used 13239K [0x00000000a0000000, 0x00000000a2100000, 0x00000000e0000000)
  object space 33792K, 39% used [0x00000000a0000000,0x00000000a0cedc28,0x00000000a2100000)
 Metaspace       used 34290K, capacity 35346K, committed 35456K, reserved 1079296K
  class space    used 4696K, capacity 4932K, committed 4992K, reserved 1048576K
Event: 4.724 GC heap after
Heap after GC invocations=11 (full 1):
 PSYoungGen      total 138240K, used 8859K [0x00000000e0000000, 0x00000000e9000000, 0x0000000100000000)
  eden space 129024K, 0% used [0x00000000e0000000,0x00000000e0000000,0x00000000e7e00000)
  from space 9216K, 96% used [0x00000000e8700000,0x00000000e8fa6fe0,0x00000000e9000000)
  to   space 9216K, 0% used [0x00000000e7e00000,0x00000000e7e00000,0x00000000e8700000)
 ParOldGen       total 33792K, used 13247K [0x00000000a0000000, 0x00000000a2100000, 0x00000000e0000000)
  object space 33792K, 39% used [0x00000000a0000000,0x00000000a0cefc28,0x00000000a2100000)
 Metaspace       used 34290K, capacity 35346K, committed 35456K, reserved 1079296K
  class space    used 4696K, capacity 4932K, committed 4992K, reserved 1048576K
}
Event: 4.724 GC heap before
{Heap before GC invocations=12 (full 2):
 PSYoungGen      total 138240K, used 8859K [0x00000000e0000000, 0x00000000e9000000, 0x0000000100000000)
  eden space 129024K, 0% used [0x00000000e0000000,0x00000000e0000000,0x00000000e7e00000)
  from space 9216K, 96% used [0x00000000e8700000,0x00000000e8fa6fe0,0x00000000e9000000)
  to   space 9216K, 0% used [0x00000000e7e00000,0x00000000e7e00000,0x00000000e8700000)
 ParOldGen       total 33792K, used 13247K [0x00000000a0000000, 0x00000000a2100000, 0x00000000e0000000)
  object space 33792K, 39% used [0x00000000a0000000,0x00000000a0cefc28,0x00000000a2100000)
 Metaspace       used 34290K, capacity 35346K, committed 35456K, reserved 1079296K
  class space    used 4696K, capacity 4932K, committed 4992K, reserved 1048576K
Event: 4.807 GC heap after
Heap after GC invocations=12 (full 2):
 PSYoungGen      total 138240K, used 0K [0x00000000e0000000, 0x00000000e9000000, 0x0000000100000000)
  eden space 129024K, 0% used [0x00000000e0000000,0x00000000e0000000,0x00000000e7e00000)
  from space 9216K, 0% used [0x00000000e8700000,0x00000000e8700000,0x00000000e9000000)
  to   space 9216K, 0% used [0x00000000e7e00000,0x00000000e7e00000,0x00000000e8700000)
 ParOldGen       total 53760K, used 15629K [0x00000000a0000000, 0x00000000a3480000, 0x00000000e0000000)
  object space 53760K, 29% used [0x00000000a0000000,0x00000000a0f43580,0x00000000a3480000)
 Metaspace       used 34290K, capacity 35346K, committed 35456K, reserved 1079296K
  class space    used 4696K, capacity 4932K, committed 4992K, reserved 1048576K
}
Event: 6.363 GC heap before
{Heap before GC invocations=13 (full 2):
 PSYoungGen      total 138240K, used 129024K [0x00000000e0000000, 0x00000000e9000000, 0x0000000100000000)
  eden space 129024K, 100% used [0x00000000e0000000,0x00000000e7e00000,0x00000000e7e00000)
  from space 9216K, 0% used [0x00000000e8700000,0x00000000e8700000,0x00000000e9000000)
  to   space 9216K, 0% used [0x00000000e7e00000,0x00000000e7e00000,0x00000000e8700000)
 ParOldGen       total 53760K, used 15629K [0x00000000a0000000, 0x00000000a3480000, 0x00000000e0000000)
  object space 53760K, 29% used [0x00000000a0000000,0x00000000a0f43580,0x00000000a3480000)
 Metaspace       used 37565K, capacity 39292K, committed 39424K, reserved 1083392K
  class space    used 5144K, capacity 5523K, committed 5632K, reserved 1048576K
Event: 6.370 GC heap after
Heap after GC invocations=13 (full 2):
 PSYoungGen      total 138240K, used 6240K [0x00000000e0000000, 0x00000000eb700000, 0x0000000100000000)
  eden space 129024K, 0% used [0x00000000e0000000,0x00000000e0000000,0x00000000e7e00000)
  from space 9216K, 67% used [0x00000000e7e00000,0x00000000e8418230,0x00000000e8700000)
  to   space 12288K, 0% used [0x00000000eab00000,0x00000000eab00000,0x00000000eb700000)
 ParOldGen       total 53760K, used 15637K [0x00000000a0000000, 0x00000000a3480000, 0x00000000e0000000)
  object space 53760K, 29% used [0x00000000a0000000,0x00000000a0f45580,0x00000000a3480000)
 Metaspace       used 37565K, capacity 39292K, committed 39424K, reserved 1083392K
  class space    used 5144K, capacity 5523K, committed 5632K, reserved 1048576K
}

