# JRE version: OpenJDK Runtime Environment (8.0_242-b01) (build 1.8.0_242-release-1644-b01)
# Java VM: OpenJDK 64-Bit Server VM (25.242-b01 mixed mode windows-amd64 compressed oops)
Heap:
 PSYoungGen      total 96256K, used 19074K [0x00000000e0000000, 0x00000000e7380000, 0x0000000100000000)
  eden space 87040K, 16% used [0x00000000e0000000,0x00000000e0db0e10,0x00000000e5500000)
  from space 9216K, 54% used [0x00000000e6180000,0x00000000e666fb20,0x00000000e6a80000)
  to   space 8192K, 0% used [0x00000000e6b80000,0x00000000e6b80000,0x00000000e7380000)
 ParOldGen       total 54784K, used 15217K [0x00000000a0000000, 0x00000000a3580000, 0x00000000e0000000)
  object space 54784K, 27% used [0x00000000a0000000,0x00000000a0edc510,0x00000000a3580000)
 Metaspace       used 37340K, capacity 38824K, committed 39040K, reserved 1083392K
  class space    used 5113K, capacity 5431K, committed 5504K, reserved 1048576K
GC Heap History (10 events):
Event: 3.950 GC heap before
{Heap before GC invocations=11 (full 1):
 PSYoungGen      total 70656K, used 63488K [0x00000000e0000000, 0x00000000e7380000, 0x0000000100000000)
  eden space 63488K, 100% used [0x00000000e0000000,0x00000000e3e00000,0x00000000e3e00000)
  from space 7168K, 0% used [0x00000000e3e00000,0x00000000e3e00000,0x00000000e4500000)
  to   space 8192K, 0% used [0x00000000e6b80000,0x00000000e6b80000,0x00000000e7380000)
 ParOldGen       total 35840K, used 10505K [0x00000000a0000000, 0x00000000a2300000, 0x00000000e0000000)
  object space 35840K, 29% used [0x00000000a0000000,0x00000000a0a42448,0x00000000a2300000)
 Metaspace       used 28484K, capacity 29314K, committed 29440K, reserved 1075200K
  class space    used 4008K, capacity 4254K, committed 4352K, reserved 1048576K
Event: 3.959 GC heap after
Heap after GC invocations=11 (full 1):
 PSYoungGen      total 95232K, used 8169K [0x00000000e0000000, 0x00000000e7380000, 0x0000000100000000)
  eden space 87040K, 0% used [0x00000000e0000000,0x00000000e0000000,0x00000000e5500000)
  from space 8192K, 99% used [0x00000000e6b80000,0x00000000e737a530,0x00000000e7380000)
  to   space 9216K, 0% used [0x00000000e6180000,0x00000000e6180000,0x00000000e6a80000)
 ParOldGen       total 35840K, used 10648K [0x00000000a0000000, 0x00000000a2300000, 0x00000000e0000000)
  object space 35840K, 29% used [0x00000000a0000000,0x00000000a0a66218,0x00000000a2300000)
 Metaspace       used 28484K, capacity 29314K, committed 29440K, reserved 1075200K
  class space    used 4008K, capacity 4254K, committed 4352K, reserved 1048576K
}
Event: 4.821 GC heap before
{Heap before GC invocations=12 (full 1):
 PSYoungGen      total 95232K, used 95209K [0x00000000e0000000, 0x00000000e7380000, 0x0000000100000000)
  eden space 87040K, 100% used [0x00000000e0000000,0x00000000e5500000,0x00000000e5500000)
  from space 8192K, 99% used [0x00000000e6b80000,0x00000000e737a530,0x00000000e7380000)
  to   space 9216K, 0% used [0x00000000e6180000,0x00000000e6180000,0x00000000e6a80000)
 ParOldGen       total 35840K, used 10648K [0x00000000a0000000, 0x00000000a2300000, 0x00000000e0000000)
  object space 35840K, 29% used [0x00000000a0000000,0x00000000a0a66218,0x00000000a2300000)
 Metaspace       used 33847K, capacity 34962K, committed 35200K, reserved 1079296K
  class space    used 4632K, capacity 4892K, committed 4992K, reserved 1048576K
Event: 4.837 GC heap after
Heap after GC invocations=12 (full 1):
 PSYoungGen      total 96256K, used 8041K [0x00000000e0000000, 0x00000000e7380000, 0x0000000100000000)
  eden space 87040K, 0% used [0x00000000e0000000,0x00000000e0000000,0x00000000e5500000)
  from space 9216K, 87% used [0x00000000e6180000,0x00000000e695a588,0x00000000e6a80000)
  to   space 8192K, 0% used [0x00000000e6b80000,0x00000000e6b80000,0x00000000e7380000)
 ParOldGen       total 35840K, used 14056K [0x00000000a0000000, 0x00000000a2300000, 0x00000000e0000000)
  object space 35840K, 39% used [0x00000000a0000000,0x00000000a0dba248,0x00000000a2300000)
 Metaspace       used 33847K, capacity 34962K, committed 35200K, reserved 1079296K
  class space    used 4632K, capacity 4892K, committed 4992K, reserved 1048576K
}
Event: 4.920 GC heap before
{Heap before GC invocations=13 (full 1):
 PSYoungGen      total 96256K, used 17525K [0x00000000e0000000, 0x00000000e7380000, 0x0000000100000000)
  eden space 87040K, 10% used [0x00000000e0000000,0x00000000e0943198,0x00000000e5500000)
  from space 9216K, 87% used [0x00000000e6180000,0x00000000e695a588,0x00000000e6a80000)
  to   space 8192K, 0% used [0x00000000e6b80000,0x00000000e6b80000,0x00000000e7380000)
 ParOldGen       total 35840K, used 14056K [0x00000000a0000000, 0x00000000a2300000, 0x00000000e0000000)
  object space 35840K, 39% used [0x00000000a0000000,0x00000000a0dba248,0x00000000a2300000)
 Metaspace       used 34292K, capacity 35354K, committed 35456K, reserved 1079296K
  class space    used 4699K, capacity 4932K, committed 4992K, reserved 1048576K
Event: 4.926 GC heap after
Heap after GC invocations=13 (full 1):
 PSYoungGen      total 95232K, used 768K [0x00000000e0000000, 0x00000000e7380000, 0x0000000100000000)
  eden space 87040K, 0% used [0x00000000e0000000,0x00000000e0000000,0x00000000e5500000)
  from space 8192K, 9% used [0x00000000e6b80000,0x00000000e6c40000,0x00000000e7380000)
  to   space 9216K, 0% used [0x00000000e6180000,0x00000000e6180000,0x00000000e6a80000)
 ParOldGen       total 35840K, used 18336K [0x00000000a0000000, 0x00000000a2300000, 0x00000000e0000000)
  object space 35840K, 51% used [0x00000000a0000000,0x00000000a11e8148,0x00000000a2300000)
 Metaspace       used 34292K, capacity 35354K, committed 35456K, reserved 1079296K
  class space    used 4699K, capacity 4932K, committed 4992K, reserved 1048576K
}
Event: 4.926 GC heap before
{Heap before GC invocations=14 (full 2):
 PSYoungGen      total 95232K, used 768K [0x00000000e0000000, 0x00000000e7380000, 0x0000000100000000)
  eden space 87040K, 0% used [0x00000000e0000000,0x00000000e0000000,0x00000000e5500000)
  from space 8192K, 9% used [0x00000000e6b80000,0x00000000e6c40000,0x00000000e7380000)
  to   space 9216K, 0% used [0x00000000e6180000,0x00000000e6180000,0x00000000e6a80000)
 ParOldGen       total 35840K, used 18336K [0x00000000a0000000, 0x00000000a2300000, 0x00000000e0000000)
  object space 35840K, 51% used [0x00000000a0000000,0x00000000a11e8148,0x00000000a2300000)
 Metaspace       used 34292K, capacity 35354K, committed 35456K, reserved 1079296K
  class space    used 4699K, capacity 4932K, committed 4992K, reserved 1048576K
Event: 5.025 GC heap after
Heap after GC invocations=14 (full 2):
 PSYoungGen      total 95232K, used 0K [0x00000000e0000000, 0x00000000e7380000, 0x0000000100000000)
  eden space 87040K, 0% used [0x00000000e0000000,0x00000000e0000000,0x00000000e5500000)
  from space 8192K, 0% used [0x00000000e6b80000,0x00000000e6b80000,0x00000000e7380000)
  to   space 9216K, 0% used [0x00000000e6180000,0x00000000e6180000,0x00000000e6a80000)
 ParOldGen       total 54784K, used 15209K [0x00000000a0000000, 0x00000000a3580000, 0x00000000e0000000)
  object space 54784K, 27% used [0x00000000a0000000,0x00000000a0eda510,0x00000000a3580000)
 Metaspace       used 34292K, capacity 35354K, committed 35456K, reserved 1079296K
  class space    used 4699K, capacity 4932K, committed 4992K, reserved 1048576K
}
Event: 6.349 GC heap before
{Heap before GC invocations=15 (full 2):
 PSYoungGen      total 95232K, used 87040K [0x00000000e0000000, 0x00000000e7380000, 0x0000000100000000)
  eden space 87040K, 100% used [0x00000000e0000000,0x00000000e5500000,0x00000000e5500000)
  from space 8192K, 0% used [0x00000000e6b80000,0x00000000e6b80000,0x00000000e7380000)
  to   space 9216K, 0% used [0x00000000e6180000,0x00000000e6180000,0x00000000e6a80000)
 ParOldGen       total 54784K, used 15209K [0x00000000a0000000, 0x00000000a3580000, 0x00000000e0000000)
  object space 54784K, 27% used [0x00000000a0000000,0x00000000a0eda510,0x00000000a3580000)
 Metaspace       used 37283K, capacity 38748K, committed 39040K, reserved 1083392K
  class space    used 5110K, capacity 5429K, committed 5504K, reserved 1048576K
Event: 6.357 GC heap after
Heap after GC invocations=15 (full 2):
 PSYoungGen      total 96256K, used 5054K [0x00000000e0000000, 0x00000000e7380000, 0x0000000100000000)
  eden space 87040K, 0% used [0x00000000e0000000,0x00000000e0000000,0x00000000e5500000)
  from space 9216K, 54% used [0x00000000e6180000,0x00000000e666fb20,0x00000000e6a80000)
  to   space 8192K, 0% used [0x00000000e6b80000,0x00000000e6b80000,0x00000000e7380000)
 ParOldGen       total 54784K, used 15217K [0x00000000a0000000, 0x00000000a3580000, 0x00000000e0000000)
  object space 54784K, 27% used [0x00000000a0000000,0x00000000a0edc510,0x00000000a3580000)
 Metaspace       used 37283K, capacity 38748K, committed 39040K, reserved 1083392K
  class space    used 5110K, capacity 5429K, committed 5504K, reserved 1048576K
}

