# JRE version: OpenJDK Runtime Environment (8.0_242-b01) (build 1.8.0_242-release-1644-b01)
# Java VM: OpenJDK 64-Bit Server VM (25.242-b01 mixed mode windows-amd64 compressed oops)
Heap:
 PSYoungGen      total 107008K, used 9994K [0x00000000e0000000, 0x00000000e8d00000, 0x0000000100000000)
  eden space 97792K, 2% used [0x00000000e0000000,0x00000000e01fead0,0x00000000e5f80000)
  from space 9216K, 86% used [0x00000000e5f80000,0x00000000e67440d8,0x00000000e6880000)
  to   space 9728K, 0% used [0x00000000e8380000,0x00000000e8380000,0x00000000e8d00000)
 ParOldGen       total 35840K, used 14293K [0x00000000a0000000, 0x00000000a2300000, 0x00000000e0000000)
  object space 35840K, 39% used [0x00000000a0000000,0x00000000a0df5480,0x00000000a2300000)
 Metaspace       used 33791K, capacity 34860K, committed 35072K, reserved 1079296K
  class space    used 4621K, capacity 4859K, committed 4864K, reserved 1048576K
GC Heap History (10 events):
Event: 2.383 GC heap before
{Heap before GC invocations=8 (full 0):
 PSYoungGen      total 36864K, used 36854K [0x00000000e0000000, 0x00000000e4b00000, 0x0000000100000000)
  eden space 31744K, 100% used [0x00000000e0000000,0x00000000e1f00000,0x00000000e1f00000)
  from space 5120K, 99% used [0x00000000e1f00000,0x00000000e23fd8f8,0x00000000e2400000)
  to   space 6656K, 0% used [0x00000000e4480000,0x00000000e4480000,0x00000000e4b00000)
 ParOldGen       total 44032K, used 5771K [0x00000000a0000000, 0x00000000a2b00000, 0x00000000e0000000)
  object space 44032K, 13% used [0x00000000a0000000,0x00000000a05a2ff8,0x00000000a2b00000)
 Metaspace       used 16618K, capacity 17206K, committed 17408K, reserved 1064960K
  class space    used 2348K, capacity 2549K, committed 2560K, reserved 1048576K
Event: 2.389 GC heap after
Heap after GC invocations=8 (full 0):
 PSYoungGen      total 69632K, used 5119K [0x00000000e0000000, 0x00000000e4c00000, 0x0000000100000000)
  eden space 62976K, 0% used [0x00000000e0000000,0x00000000e0000000,0x00000000e3d80000)
  from space 6656K, 76% used [0x00000000e4480000,0x00000000e497fd30,0x00000000e4b00000)
  to   space 7168K, 0% used [0x00000000e3d80000,0x00000000e3d80000,0x00000000e4480000)
 ParOldGen       total 44032K, used 6395K [0x00000000a0000000, 0x00000000a2b00000, 0x00000000e0000000)
  object space 44032K, 14% used [0x00000000a0000000,0x00000000a063eff8,0x00000000a2b00000)
 Metaspace       used 16618K, capacity 17206K, committed 17408K, reserved 1064960K
  class space    used 2348K, capacity 2549K, committed 2560K, reserved 1048576K
}
Event: 2.869 GC heap before
{Heap before GC invocations=9 (full 0):
 PSYoungGen      total 69632K, used 59630K [0x00000000e0000000, 0x00000000e4c00000, 0x0000000100000000)
  eden space 62976K, 86% used [0x00000000e0000000,0x00000000e353bd98,0x00000000e3d80000)
  from space 6656K, 76% used [0x00000000e4480000,0x00000000e497fd30,0x00000000e4b00000)
  to   space 7168K, 0% used [0x00000000e3d80000,0x00000000e3d80000,0x00000000e4480000)
 ParOldGen       total 44032K, used 6395K [0x00000000a0000000, 0x00000000a2b00000, 0x00000000e0000000)
  object space 44032K, 14% used [0x00000000a0000000,0x00000000a063eff8,0x00000000a2b00000)
 Metaspace       used 20626K, capacity 21218K, committed 21296K, reserved 1067008K
  class space    used 2959K, capacity 3143K, committed 3200K, reserved 1048576K
Event: 2.875 GC heap after
Heap after GC invocations=9 (full 0):
 PSYoungGen      total 70144K, used 6834K [0x00000000e0000000, 0x00000000e7180000, 0x0000000100000000)
  eden space 62976K, 0% used [0x00000000e0000000,0x00000000e0000000,0x00000000e3d80000)
  from space 7168K, 95% used [0x00000000e3d80000,0x00000000e442c838,0x00000000e4480000)
  to   space 7680K, 0% used [0x00000000e6a00000,0x00000000e6a00000,0x00000000e7180000)
 ParOldGen       total 44032K, used 7820K [0x00000000a0000000, 0x00000000a2b00000, 0x00000000e0000000)
  object space 44032K, 17% used [0x00000000a0000000,0x00000000a07a3070,0x00000000a2b00000)
 Metaspace       used 20626K, capacity 21218K, committed 21296K, reserved 1067008K
  class space    used 2959K, capacity 3143K, committed 3200K, reserved 1048576K
}
Event: 2.875 GC heap before
{Heap before GC invocations=10 (full 1):
 PSYoungGen      total 70144K, used 6834K [0x00000000e0000000, 0x00000000e7180000, 0x0000000100000000)
  eden space 62976K, 0% used [0x00000000e0000000,0x00000000e0000000,0x00000000e3d80000)
  from space 7168K, 95% used [0x00000000e3d80000,0x00000000e442c838,0x00000000e4480000)
  to   space 7680K, 0% used [0x00000000e6a00000,0x00000000e6a00000,0x00000000e7180000)
 ParOldGen       total 44032K, used 7820K [0x00000000a0000000, 0x00000000a2b00000, 0x00000000e0000000)
  object space 44032K, 17% used [0x00000000a0000000,0x00000000a07a3070,0x00000000a2b00000)
 Metaspace       used 20626K, capacity 21218K, committed 21296K, reserved 1067008K
  class space    used 2959K, capacity 3143K, committed 3200K, reserved 1048576K
Event: 2.903 GC heap after
Heap after GC invocations=10 (full 1):
 PSYoungGen      total 70144K, used 0K [0x00000000e0000000, 0x00000000e7180000, 0x0000000100000000)
  eden space 62976K, 0% used [0x00000000e0000000,0x00000000e0000000,0x00000000e3d80000)
  from space 7168K, 0% used [0x00000000e3d80000,0x00000000e3d80000,0x00000000e4480000)
  to   space 7680K, 0% used [0x00000000e6a00000,0x00000000e6a00000,0x00000000e7180000)
 ParOldGen       total 35840K, used 10502K [0x00000000a0000000, 0x00000000a2300000, 0x00000000e0000000)
  object space 35840K, 29% used [0x00000000a0000000,0x00000000a0a41ae8,0x00000000a2300000)
 Metaspace       used 20626K, capacity 21218K, committed 21296K, reserved 1067008K
  class space    used 2959K, capacity 3143K, committed 3200K, reserved 1048576K
}
Event: 3.611 GC heap before
{Heap before GC invocations=11 (full 1):
 PSYoungGen      total 70144K, used 62976K [0x00000000e0000000, 0x00000000e7180000, 0x0000000100000000)
  eden space 62976K, 100% used [0x00000000e0000000,0x00000000e3d80000,0x00000000e3d80000)
  from space 7168K, 0% used [0x00000000e3d80000,0x00000000e3d80000,0x00000000e4480000)
  to   space 7680K, 0% used [0x00000000e6a00000,0x00000000e6a00000,0x00000000e7180000)
 ParOldGen       total 35840K, used 10502K [0x00000000a0000000, 0x00000000a2300000, 0x00000000e0000000)
  object space 35840K, 29% used [0x00000000a0000000,0x00000000a0a41ae8,0x00000000a2300000)
 Metaspace       used 28489K, capacity 29442K, committed 29696K, reserved 1075200K
  class space    used 4004K, capacity 4254K, committed 4352K, reserved 1048576K
Event: 3.621 GC heap after
Heap after GC invocations=11 (full 1):
 PSYoungGen      total 93696K, used 7679K [0x00000000e0000000, 0x00000000e7180000, 0x0000000100000000)
  eden space 86016K, 0% used [0x00000000e0000000,0x00000000e0000000,0x00000000e5400000)
  from space 7680K, 99% used [0x00000000e6a00000,0x00000000e717fc78,0x00000000e7180000)
  to   space 9216K, 0% used [0x00000000e5f80000,0x00000000e5f80000,0x00000000e6880000)
 ParOldGen       total 35840K, used 11019K [0x00000000a0000000, 0x00000000a2300000, 0x00000000e0000000)
  object space 35840K, 30% used [0x00000000a0000000,0x00000000a0ac2cd0,0x00000000a2300000)
 Metaspace       used 28489K, capacity 29442K, committed 29696K, reserved 1075200K
  class space    used 4004K, capacity 4254K, committed 4352K, reserved 1048576K
}
Event: 4.423 GC heap before
{Heap before GC invocations=12 (full 1):
 PSYoungGen      total 93696K, used 93695K [0x00000000e0000000, 0x00000000e7180000, 0x0000000100000000)
  eden space 86016K, 100% used [0x00000000e0000000,0x00000000e5400000,0x00000000e5400000)
  from space 7680K, 99% used [0x00000000e6a00000,0x00000000e717fc78,0x00000000e7180000)
  to   space 9216K, 0% used [0x00000000e5f80000,0x00000000e5f80000,0x00000000e6880000)
 ParOldGen       total 35840K, used 11019K [0x00000000a0000000, 0x00000000a2300000, 0x00000000e0000000)
  object space 35840K, 30% used [0x00000000a0000000,0x00000000a0ac2cd0,0x00000000a2300000)
 Metaspace       used 33720K, capacity 34788K, committed 34816K, reserved 1079296K
  class space    used 4612K, capacity 4857K, committed 4864K, reserved 1048576K
Event: 4.487 GC heap after
Heap after GC invocations=12 (full 1):
 PSYoungGen      total 107008K, used 7952K [0x00000000e0000000, 0x00000000e8d00000, 0x0000000100000000)
  eden space 97792K, 0% used [0x00000000e0000000,0x00000000e0000000,0x00000000e5f80000)
  from space 9216K, 86% used [0x00000000e5f80000,0x00000000e67440d8,0x00000000e6880000)
  to   space 9728K, 0% used [0x00000000e8380000,0x00000000e8380000,0x00000000e8d00000)
 ParOldGen       total 35840K, used 14293K [0x00000000a0000000, 0x00000000a2300000, 0x00000000e0000000)
  object space 35840K, 39% used [0x00000000a0000000,0x00000000a0df5480,0x00000000a2300000)
 Metaspace       used 33720K, capacity 34788K, committed 34816K, reserved 1079296K
  class space    used 4612K, capacity 4857K, committed 4864K, reserved 1048576K
}

