# JRE version: OpenJDK Runtime Environment (8.0_242-b01) (build 1.8.0_242-release-1644-b01)
# Java VM: OpenJDK 64-Bit Server VM (25.242-b01 mixed mode windows-amd64 compressed oops)
Heap:
 PSYoungGen      total 139264K, used 93955K [0x00000000e0000000, 0x00000000e9400000, 0x0000000100000000)
  eden space 130048K, 72% used [0x00000000e0000000,0x00000000e5bc0fb8,0x00000000e7f00000)
  from space 9216K, 0% used [0x00000000e8900000,0x00000000e8900000,0x00000000e9200000)
  to   space 10240K, 0% used [0x00000000e7f00000,0x00000000e7f00000,0x00000000e8900000)
 ParOldGen       total 40960K, used 10578K [0x00000000a0000000, 0x00000000a2800000, 0x00000000e0000000)
  object space 40960K, 25% used [0x00000000a0000000,0x00000000a0a54be0,0x00000000a2800000)
 Metaspace       used 30700K, capacity 31632K, committed 31872K, reserved 1077248K
  class space    used 4202K, capacity 4442K, committed 4480K, reserved 1048576K
GC Heap History (10 events):
Event: 0.854 GC heap before
{Heap before GC invocations=3 (full 0):
 PSYoungGen      total 35328K, used 35320K [0x00000000e0000000, 0x00000000e2500000, 0x0000000100000000)
  eden space 32768K, 100% used [0x00000000e0000000,0x00000000e2000000,0x00000000e2000000)
  from space 2560K, 99% used [0x00000000e2280000,0x00000000e24fe368,0x00000000e2500000)
  to   space 2560K, 0% used [0x00000000e2000000,0x00000000e2000000,0x00000000e2280000)
 ParOldGen       total 44032K, used 1078K [0x00000000a0000000, 0x00000000a2b00000, 0x00000000e0000000)
  object space 44032K, 2% used [0x00000000a0000000,0x00000000a010d8b0,0x00000000a2b00000)
 Metaspace       used 7689K, capacity 7966K, committed 8320K, reserved 1056768K
  class space    used 937K, capacity 1037K, committed 1152K, reserved 1048576K
Event: 0.858 GC heap after
Heap after GC invocations=3 (full 0):
 PSYoungGen      total 35328K, used 2528K [0x00000000e0000000, 0x00000000e4500000, 0x0000000100000000)
  eden space 32768K, 0% used [0x00000000e0000000,0x00000000e0000000,0x00000000e2000000)
  from space 2560K, 98% used [0x00000000e2000000,0x00000000e2278020,0x00000000e2280000)
  to   space 2560K, 0% used [0x00000000e4280000,0x00000000e4280000,0x00000000e4500000)
 ParOldGen       total 44032K, used 1879K [0x00000000a0000000, 0x00000000a2b00000, 0x00000000e0000000)
  object space 44032K, 4% used [0x00000000a0000000,0x00000000a01d5db0,0x00000000a2b00000)
 Metaspace       used 7689K, capacity 7966K, committed 8320K, reserved 1056768K
  class space    used 937K, capacity 1037K, committed 1152K, reserved 1048576K
}
Event: 1.386 GC heap before
{Heap before GC invocations=4 (full 0):
 PSYoungGen      total 35328K, used 35296K [0x00000000e0000000, 0x00000000e4500000, 0x0000000100000000)
  eden space 32768K, 100% used [0x00000000e0000000,0x00000000e2000000,0x00000000e2000000)
  from space 2560K, 98% used [0x00000000e2000000,0x00000000e2278020,0x00000000e2280000)
  to   space 2560K, 0% used [0x00000000e4280000,0x00000000e4280000,0x00000000e4500000)
 ParOldGen       total 44032K, used 1879K [0x00000000a0000000, 0x00000000a2b00000, 0x00000000e0000000)
  object space 44032K, 4% used [0x00000000a0000000,0x00000000a01d5db0,0x00000000a2b00000)
 Metaspace       used 11623K, capacity 11942K, committed 12160K, reserved 1060864K
  class space    used 1532K, capacity 1639K, committed 1664K, reserved 1048576K
Event: 1.390 GC heap after
Heap after GC invocations=4 (full 0):
 PSYoungGen      total 68096K, used 2544K [0x00000000e0000000, 0x00000000e4500000, 0x0000000100000000)
  eden space 65536K, 0% used [0x00000000e0000000,0x00000000e0000000,0x00000000e4000000)
  from space 2560K, 99% used [0x00000000e4280000,0x00000000e44fc010,0x00000000e4500000)
  to   space 2560K, 0% used [0x00000000e4000000,0x00000000e4000000,0x00000000e4280000)
 ParOldGen       total 44032K, used 5241K [0x00000000a0000000, 0x00000000a2b00000, 0x00000000e0000000)
  object space 44032K, 11% used [0x00000000a0000000,0x00000000a051e668,0x00000000a2b00000)
 Metaspace       used 11623K, capacity 11942K, committed 12160K, reserved 1060864K
  class space    used 1532K, capacity 1639K, committed 1664K, reserved 1048576K
}
Event: 1.925 GC heap before
{Heap before GC invocations=5 (full 0):
 PSYoungGen      total 68096K, used 68080K [0x00000000e0000000, 0x00000000e4500000, 0x0000000100000000)
  eden space 65536K, 100% used [0x00000000e0000000,0x00000000e4000000,0x00000000e4000000)
  from space 2560K, 99% used [0x00000000e4280000,0x00000000e44fc010,0x00000000e4500000)
  to   space 2560K, 0% used [0x00000000e4000000,0x00000000e4000000,0x00000000e4280000)
 ParOldGen       total 44032K, used 5241K [0x00000000a0000000, 0x00000000a2b00000, 0x00000000e0000000)
  object space 44032K, 11% used [0x00000000a0000000,0x00000000a051e668,0x00000000a2b00000)
 Metaspace       used 16528K, capacity 17174K, committed 17408K, reserved 1064960K
  class space    used 2332K, capacity 2517K, committed 2560K, reserved 1048576K
Event: 1.933 GC heap after
Heap after GC invocations=5 (full 0):
 PSYoungGen      total 68096K, used 2560K [0x00000000e0000000, 0x00000000e9200000, 0x0000000100000000)
  eden space 65536K, 0% used [0x00000000e0000000,0x00000000e0000000,0x00000000e4000000)
  from space 2560K, 100% used [0x00000000e4000000,0x00000000e4280000,0x00000000e4280000)
  to   space 9216K, 0% used [0x00000000e8900000,0x00000000e8900000,0x00000000e9200000)
 ParOldGen       total 44032K, used 11316K [0x00000000a0000000, 0x00000000a2b00000, 0x00000000e0000000)
  object space 44032K, 25% used [0x00000000a0000000,0x00000000a0b0d320,0x00000000a2b00000)
 Metaspace       used 16528K, capacity 17174K, committed 17408K, reserved 1064960K
  class space    used 2332K, capacity 2517K, committed 2560K, reserved 1048576K
}
Event: 2.491 GC heap before
{Heap before GC invocations=6 (full 0):
 PSYoungGen      total 68096K, used 57564K [0x00000000e0000000, 0x00000000e9200000, 0x0000000100000000)
  eden space 65536K, 83% used [0x00000000e0000000,0x00000000e35b7018,0x00000000e4000000)
  from space 2560K, 100% used [0x00000000e4000000,0x00000000e4280000,0x00000000e4280000)
  to   space 9216K, 0% used [0x00000000e8900000,0x00000000e8900000,0x00000000e9200000)
 ParOldGen       total 44032K, used 11316K [0x00000000a0000000, 0x00000000a2b00000, 0x00000000e0000000)
  object space 44032K, 25% used [0x00000000a0000000,0x00000000a0b0d320,0x00000000a2b00000)
 Metaspace       used 20619K, capacity 21218K, committed 21296K, reserved 1067008K
  class space    used 2961K, capacity 3143K, committed 3200K, reserved 1048576K
Event: 2.500 GC heap after
Heap after GC invocations=6 (full 0):
 PSYoungGen      total 139264K, used 7973K [0x00000000e0000000, 0x00000000e9400000, 0x0000000100000000)
  eden space 130048K, 0% used [0x00000000e0000000,0x00000000e0000000,0x00000000e7f00000)
  from space 9216K, 86% used [0x00000000e8900000,0x00000000e90c96a8,0x00000000e9200000)
  to   space 10240K, 0% used [0x00000000e7f00000,0x00000000e7f00000,0x00000000e8900000)
 ParOldGen       total 44032K, used 11324K [0x00000000a0000000, 0x00000000a2b00000, 0x00000000e0000000)
  object space 44032K, 25% used [0x00000000a0000000,0x00000000a0b0f320,0x00000000a2b00000)
 Metaspace       used 20619K, capacity 21218K, committed 21296K, reserved 1067008K
  class space    used 2961K, capacity 3143K, committed 3200K, reserved 1048576K
}
Event: 2.500 GC heap before
{Heap before GC invocations=7 (full 1):
 PSYoungGen      total 139264K, used 7973K [0x00000000e0000000, 0x00000000e9400000, 0x0000000100000000)
  eden space 130048K, 0% used [0x00000000e0000000,0x00000000e0000000,0x00000000e7f00000)
  from space 9216K, 86% used [0x00000000e8900000,0x00000000e90c96a8,0x00000000e9200000)
  to   space 10240K, 0% used [0x00000000e7f00000,0x00000000e7f00000,0x00000000e8900000)
 ParOldGen       total 44032K, used 11324K [0x00000000a0000000, 0x00000000a2b00000, 0x00000000e0000000)
  object space 44032K, 25% used [0x00000000a0000000,0x00000000a0b0f320,0x00000000a2b00000)
 Metaspace       used 20619K, capacity 21218K, committed 21296K, reserved 1067008K
  class space    used 2961K, capacity 3143K, committed 3200K, reserved 1048576K
Event: 2.531 GC heap after
Heap after GC invocations=7 (full 1):
 PSYoungGen      total 139264K, used 0K [0x00000000e0000000, 0x00000000e9400000, 0x0000000100000000)
  eden space 130048K, 0% used [0x00000000e0000000,0x00000000e0000000,0x00000000e7f00000)
  from space 9216K, 0% used [0x00000000e8900000,0x00000000e8900000,0x00000000e9200000)
  to   space 10240K, 0% used [0x00000000e7f00000,0x00000000e7f00000,0x00000000e8900000)
 ParOldGen       total 40960K, used 10578K [0x00000000a0000000, 0x00000000a2800000, 0x00000000e0000000)
  object space 40960K, 25% used [0x00000000a0000000,0x00000000a0a54be0,0x00000000a2800000)
 Metaspace       used 20619K, capacity 21218K, committed 21296K, reserved 1067008K
  class space    used 2961K, capacity 3143K, committed 3200K, reserved 1048576K
}

