# JRE version: OpenJDK Runtime Environment (8.0_242-b01) (build 1.8.0_242-release-1644-b01)
# Java VM: OpenJDK 64-Bit Server VM (25.242-b01 mixed mode windows-amd64 compressed oops)
Heap:
 PSYoungGen      total 138240K, used 13505K [0x00000000e0000000, 0x00000000ebd00000, 0x0000000100000000)
  eden space 129024K, 3% used [0x00000000e0000000,0x00000000e0431788,0x00000000e7e00000)
  from space 9216K, 99% used [0x00000000e7e00000,0x00000000e86fefd0,0x00000000e8700000)
  to   space 12288K, 0% used [0x00000000eb100000,0x00000000eb100000,0x00000000ebd00000)
 ParOldGen       total 36352K, used 13202K [0x00000000a0000000, 0x00000000a2380000, 0x00000000e0000000)
  object space 36352K, 36% used [0x00000000a0000000,0x00000000a0ce4b80,0x00000000a2380000)
 Metaspace       used 33273K, capacity 34278K, committed 34560K, reserved 1079296K
  class space    used 4522K, capacity 4752K, committed 4864K, reserved 1048576K
GC Heap History (10 events):
Event: 1.600 GC heap before
{Heap before GC invocations=6 (full 0):
 PSYoungGen      total 35328K, used 35296K [0x00000000e0000000, 0x00000000e4c00000, 0x0000000100000000)
  eden space 32768K, 100% used [0x00000000e0000000,0x00000000e2000000,0x00000000e2000000)
  from space 2560K, 98% used [0x00000000e2000000,0x00000000e2278020,0x00000000e2280000)
  to   space 6144K, 0% used [0x00000000e4600000,0x00000000e4600000,0x00000000e4c00000)
 ParOldGen       total 44032K, used 5166K [0x00000000a0000000, 0x00000000a2b00000, 0x00000000e0000000)
  object space 44032K, 11% used [0x00000000a0000000,0x00000000a050b858,0x00000000a2b00000)
 Metaspace       used 14330K, capacity 14770K, committed 14976K, reserved 1062912K
  class space    used 1967K, capacity 2101K, committed 2176K, reserved 1048576K
Event: 1.604 GC heap after
Heap after GC invocations=6 (full 0):
 PSYoungGen      total 70656K, used 6071K [0x00000000e0000000, 0x00000000e4e00000, 0x0000000100000000)
  eden space 64512K, 0% used [0x00000000e0000000,0x00000000e0000000,0x00000000e3f00000)
  from space 6144K, 98% used [0x00000000e4600000,0x00000000e4bedd10,0x00000000e4c00000)
  to   space 7168K, 0% used [0x00000000e3f00000,0x00000000e3f00000,0x00000000e4600000)
 ParOldGen       total 44032K, used 5174K [0x00000000a0000000, 0x00000000a2b00000, 0x00000000e0000000)
  object space 44032K, 11% used [0x00000000a0000000,0x00000000a050d858,0x00000000a2b00000)
 Metaspace       used 14330K, capacity 14770K, committed 14976K, reserved 1062912K
  class space    used 1967K, capacity 2101K, committed 2176K, reserved 1048576K
}
Event: 2.305 GC heap before
{Heap before GC invocations=7 (full 0):
 PSYoungGen      total 70656K, used 70583K [0x00000000e0000000, 0x00000000e4e00000, 0x0000000100000000)
  eden space 64512K, 100% used [0x00000000e0000000,0x00000000e3f00000,0x00000000e3f00000)
  from space 6144K, 98% used [0x00000000e4600000,0x00000000e4bedd10,0x00000000e4c00000)
  to   space 7168K, 0% used [0x00000000e3f00000,0x00000000e3f00000,0x00000000e4600000)
 ParOldGen       total 44032K, used 5174K [0x00000000a0000000, 0x00000000a2b00000, 0x00000000e0000000)
  object space 44032K, 11% used [0x00000000a0000000,0x00000000a050d858,0x00000000a2b00000)
 Metaspace       used 19248K, capacity 19830K, committed 20096K, reserved 1067008K
  class space    used 2730K, capacity 2901K, committed 2944K, reserved 1048576K
Event: 2.312 GC heap after
Heap after GC invocations=7 (full 0):
 PSYoungGen      total 71680K, used 7147K [0x00000000e0000000, 0x00000000e9100000, 0x0000000100000000)
  eden space 64512K, 0% used [0x00000000e0000000,0x00000000e0000000,0x00000000e3f00000)
  from space 7168K, 99% used [0x00000000e3f00000,0x00000000e45faf28,0x00000000e4600000)
  to   space 9728K, 0% used [0x00000000e8780000,0x00000000e8780000,0x00000000e9100000)
 ParOldGen       total 44032K, used 7743K [0x00000000a0000000, 0x00000000a2b00000, 0x00000000e0000000)
  object space 44032K, 17% used [0x00000000a0000000,0x00000000a078fee8,0x00000000a2b00000)
 Metaspace       used 19248K, capacity 19830K, committed 20096K, reserved 1067008K
  class space    used 2730K, capacity 2901K, committed 2944K, reserved 1048576K
}
Event: 2.451 GC heap before
{Heap before GC invocations=8 (full 0):
 PSYoungGen      total 71680K, used 29711K [0x00000000e0000000, 0x00000000e9100000, 0x0000000100000000)
  eden space 64512K, 34% used [0x00000000e0000000,0x00000000e1608ee8,0x00000000e3f00000)
  from space 7168K, 99% used [0x00000000e3f00000,0x00000000e45faf28,0x00000000e4600000)
  to   space 9728K, 0% used [0x00000000e8780000,0x00000000e8780000,0x00000000e9100000)
 ParOldGen       total 44032K, used 7743K [0x00000000a0000000, 0x00000000a2b00000, 0x00000000e0000000)
  object space 44032K, 17% used [0x00000000a0000000,0x00000000a078fee8,0x00000000a2b00000)
 Metaspace       used 20628K, capacity 21218K, committed 21296K, reserved 1067008K
  class space    used 2959K, capacity 3143K, committed 3200K, reserved 1048576K
Event: 2.455 GC heap after
Heap after GC invocations=8 (full 0):
 PSYoungGen      total 137728K, used 5287K [0x00000000e0000000, 0x00000000e9000000, 0x0000000100000000)
  eden space 129024K, 0% used [0x00000000e0000000,0x00000000e0000000,0x00000000e7e00000)
  from space 8704K, 60% used [0x00000000e8780000,0x00000000e8ca9f88,0x00000000e9000000)
  to   space 9216K, 0% used [0x00000000e7e00000,0x00000000e7e00000,0x00000000e8700000)
 ParOldGen       total 44032K, used 8143K [0x00000000a0000000, 0x00000000a2b00000, 0x00000000e0000000)
  object space 44032K, 18% used [0x00000000a0000000,0x00000000a07f3ee8,0x00000000a2b00000)
 Metaspace       used 20628K, capacity 21218K, committed 21296K, reserved 1067008K
  class space    used 2959K, capacity 3143K, committed 3200K, reserved 1048576K
}
Event: 2.455 GC heap before
{Heap before GC invocations=9 (full 1):
 PSYoungGen      total 137728K, used 5287K [0x00000000e0000000, 0x00000000e9000000, 0x0000000100000000)
  eden space 129024K, 0% used [0x00000000e0000000,0x00000000e0000000,0x00000000e7e00000)
  from space 8704K, 60% used [0x00000000e8780000,0x00000000e8ca9f88,0x00000000e9000000)
  to   space 9216K, 0% used [0x00000000e7e00000,0x00000000e7e00000,0x00000000e8700000)
 ParOldGen       total 44032K, used 8143K [0x00000000a0000000, 0x00000000a2b00000, 0x00000000e0000000)
  object space 44032K, 18% used [0x00000000a0000000,0x00000000a07f3ee8,0x00000000a2b00000)
 Metaspace       used 20628K, capacity 21218K, committed 21296K, reserved 1067008K
  class space    used 2959K, capacity 3143K, committed 3200K, reserved 1048576K
Event: 2.493 GC heap after
Heap after GC invocations=9 (full 1):
 PSYoungGen      total 137728K, used 0K [0x00000000e0000000, 0x00000000e9000000, 0x0000000100000000)
  eden space 129024K, 0% used [0x00000000e0000000,0x00000000e0000000,0x00000000e7e00000)
  from space 8704K, 0% used [0x00000000e8780000,0x00000000e8780000,0x00000000e9000000)
  to   space 9216K, 0% used [0x00000000e7e00000,0x00000000e7e00000,0x00000000e8700000)
 ParOldGen       total 36352K, used 8233K [0x00000000a0000000, 0x00000000a2380000, 0x00000000e0000000)
  object space 36352K, 22% used [0x00000000a0000000,0x00000000a080a5e8,0x00000000a2380000)
 Metaspace       used 20628K, capacity 21218K, committed 21296K, reserved 1067008K
  class space    used 2959K, capacity 3143K, committed 3200K, reserved 1048576K
}
Event: 3.640 GC heap before
{Heap before GC invocations=10 (full 1):
 PSYoungGen      total 137728K, used 129024K [0x00000000e0000000, 0x00000000e9000000, 0x0000000100000000)
  eden space 129024K, 100% used [0x00000000e0000000,0x00000000e7e00000,0x00000000e7e00000)
  from space 8704K, 0% used [0x00000000e8780000,0x00000000e8780000,0x00000000e9000000)
  to   space 9216K, 0% used [0x00000000e7e00000,0x00000000e7e00000,0x00000000e8700000)
 ParOldGen       total 36352K, used 8233K [0x00000000a0000000, 0x00000000a2380000, 0x00000000e0000000)
  object space 36352K, 22% used [0x00000000a0000000,0x00000000a080a5e8,0x00000000a2380000)
 Metaspace       used 33243K, capacity 34208K, committed 34560K, reserved 1079296K
  class space    used 4519K, capacity 4750K, committed 4864K, reserved 1048576K
Event: 3.657 GC heap after
Heap after GC invocations=10 (full 1):
 PSYoungGen      total 138240K, used 9211K [0x00000000e0000000, 0x00000000ebd00000, 0x0000000100000000)
  eden space 129024K, 0% used [0x00000000e0000000,0x00000000e0000000,0x00000000e7e00000)
  from space 9216K, 99% used [0x00000000e7e00000,0x00000000e86fefd0,0x00000000e8700000)
  to   space 12288K, 0% used [0x00000000eb100000,0x00000000eb100000,0x00000000ebd00000)
 ParOldGen       total 36352K, used 13202K [0x00000000a0000000, 0x00000000a2380000, 0x00000000e0000000)
  object space 36352K, 36% used [0x00000000a0000000,0x00000000a0ce4b80,0x00000000a2380000)
 Metaspace       used 33243K, capacity 34208K, committed 34560K, reserved 1079296K
  class space    used 4519K, capacity 4750K, committed 4864K, reserved 1048576K
}

